{"meta": {"format": 3, "version": "7.13.5", "timestamp": "2026-03-24T11:42:34.250491", "branch_coverage": false, "show_contexts": false}, "files": {"engine/api/__init__.py": {"executed_lines": [], "summary": {"covered_lines": 0, "num_statements": 0, "percent_covered": 100.0, "percent_covered_display": "100", "missing_lines": 0, "excluded_lines": 0, "percent_statements_covered": 100.0, "percent_statements_covered_display": "100"}, "missing_lines": [], "excluded_lines": [], "functions": {"": {"executed_lines": [], "summary": {"covered_lines": 0, "num_statements": 0, "percent_covered": 100.0, "percent_covered_display": "100", "missing_lines": 0, "excluded_lines": 0, "percent_statements_covered": 100.0, "percent_statements_covered_display": "100"}, "missing_lines": [], "excluded_lines": [], "start_line": 1}}, "classes": {"": {"executed_lines": [], "summary": {"covered_lines": 0, "num_statements": 0, "percent_covered": 100.0, "percent_covered_display": "100", "missing_lines": 0, "excluded_lines": 0, "percent_statements_covered": 100.0, "percent_statements_covered_display": "100"}, "missing_lines": [], "excluded_lines": [], "start_line": 1}}}, "engine/api/action_parser.py": {"executed_lines": [6, 7, 8, 9, 12, 14, 15, 16, 17, 18, 19, 20, 21, 22, 23, 24, 25, 26, 27, 28, 31, 32, 45, 46, 47, 48, 49, 50, 51, 53, 54, 59, 61, 69, 228, 245, 260, 270, 271, 274, 275, 276, 277, 278, 279, 280, 281, 282, 285, 286, 287, 288, 289, 291, 292, 294, 305, 306, 307, 309, 310, 317, 319, 321, 322, 324, 326, 327, 329], "summary": {"covered_lines": 69, "num_statements": 77, "percent_covered": 89.6103896103896, "percent_covered_display": "90", "missing_lines": 8, "excluded_lines": 0, "percent_statements_covered": 89.6103896103896, "percent_statements_covered_display": "90"}, "missing_lines": [56, 290, 323, 334, 335, 336, 337, 338], "excluded_lines": [], "functions": {"ParsedAction.raw_text": {"executed_lines": [], "summary": {"covered_lines": 0, "num_statements": 1, "percent_covered": 0.0, "percent_covered_display": "0", "missing_lines": 1, "excluded_lines": 0, "percent_statements_covered": 0.0, "percent_statements_covered_display": "0"}, "missing_lines": [56], "excluded_lines": [], "start_line": 54}, "_normalize": {"executed_lines": [61], "summary": {"covered_lines": 1, "num_statements": 1, "percent_covered": 100.0, "percent_covered_display": "100", "missing_lines": 0, "excluded_lines": 0, "percent_statements_covered": 100.0, "percent_statements_covered_display": "100"}, "missing_lines": [], "excluded_lines": [], "start_line": 59}, "ActionParser.parse": {"executed_lines": [270, 271, 274, 275, 276, 277, 278, 279, 280, 281, 282, 285, 286, 287, 288, 289, 291, 292, 294, 305, 306, 307, 309, 310, 317], "summary": {"covered_lines": 25, "num_statements": 26, "percent_covered": 96.15384615384616, "percent_covered_display": "96", "missing_lines": 1, "excluded_lines": 0, "percent_statements_covered": 96.15384615384616, "percent_statements_covered_display": "96"}, "missing_lines": [290], "excluded_lines": [], "start_line": 260}, "ActionParser._extract_after_keyword": {"executed_lines": [321, 322, 324, 326, 327], "summary": {"covered_lines": 5, "num_statements": 6, "percent_covered": 83.33333333333333, "percent_covered_display": "83", "missing_lines": 1, "excluded_lines": 0, "percent_statements_covered": 83.33333333333333, "percent_statements_covered_display": "83"}, "missing_lines": [323], "excluded_lines": [], "start_line": 319}, "ActionParser._detect_intent": {"executed_lines": [], "summary": {"covered_lines": 0, "num_statements": 5, "percent_covered": 0.0, "percent_covered_display": "0", "missing_lines": 5, "excluded_lines": 0, "percent_statements_covered": 0.0, "percent_statements_covered_display": "0"}, "missing_lines": [334, 335, 336, 337, 338], "excluded_lines": [], "start_line": 329}, "": {"executed_lines": [6, 7, 8, 9, 12, 14, 15, 16, 17, 18, 19, 20, 21, 22, 23, 24, 25, 26, 27, 28, 31, 32, 45, 46, 47, 48, 49, 50, 51, 53, 54, 59, 69, 228, 245, 260, 319, 329], "summary": {"covered_lines": 38, "num_statements": 38, "percent_covered": 100.0, "percent_covered_display": "100", "missing_lines": 0, "excluded_lines": 0, "percent_statements_covered": 100.0, "percent_statements_covered_display": "100"}, "missing_lines": [], "excluded_lines": [], "start_line": 1}}, "classes": {"ActionIntent": {"executed_lines": [], "summary": {"covered_lines": 0, "num_statements": 0, "percent_covered": 100.0, "percent_covered_display": "100", "missing_lines": 0, "excluded_lines": 0, "percent_statements_covered": 100.0, "percent_statements_covered_display": "100"}, "missing_lines": [], "excluded_lines": [], "start_line": 12}, "ParsedAction": {"executed_lines": [], "summary": {"covered_lines": 0, "num_statements": 1, "percent_covered": 0.0, "percent_covered_display": "0", "missing_lines": 1, "excluded_lines": 0, "percent_statements_covered": 0.0, "percent_statements_covered_display": "0"}, "missing_lines": [56], "excluded_lines": [], "start_line": 32}, "ActionParser": {"executed_lines": [270, 271, 274, 275, 276, 277, 278, 279, 280, 281, 282, 285, 286, 287, 288, 289, 291, 292, 294, 305, 306, 307, 309, 310, 317, 321, 322, 324, 326, 327], "summary": {"covered_lines": 30, "num_statements": 37, "percent_covered": 81.08108108108108, "percent_covered_display": "81", "missing_lines": 7, "excluded_lines": 0, "percent_statements_covered": 81.08108108108108, "percent_statements_covered_display": "81"}, "missing_lines": [290, 323, 334, 335, 336, 337, 338], "excluded_lines": [], "start_line": 245}, "": {"executed_lines": [6, 7, 8, 9, 12, 14, 15, 16, 17, 18, 19, 20, 21, 22, 23, 24, 25, 26, 27, 28, 31, 32, 45, 46, 47, 48, 49, 50, 51, 53, 54, 59, 61, 69, 228, 245, 260, 319, 329], "summary": {"covered_lines": 39, "num_statements": 39, "percent_covered": 100.0, "percent_covered_display": "100", "missing_lines": 0, "excluded_lines": 0, "percent_statements_covered": 100.0, "percent_statements_covered_display": "100"}, "missing_lines": [], "excluded_lines": [], "start_line": 1}}}, "engine/api/game_engine.py": {"executed_lines": [5, 6, 7, 9, 10, 11, 12, 13, 14, 18, 21, 22, 34, 35, 36, 37, 38, 39, 40, 44, 51, 64, 72, 73, 74, 75, 77, 94, 100, 101, 103, 104, 105, 107, 116, 117, 119, 121, 127, 129, 140, 141, 143, 145, 159, 160, 162, 163, 167, 169, 172, 173, 175, 177, 178, 184, 193, 194, 197, 198, 200, 201, 206, 209, 210, 211, 213, 214, 216, 222, 224, 227, 228, 229, 230, 231, 232, 234, 235, 236, 237, 244, 248, 259, 260, 262, 264, 265, 267, 268, 269, 275, 285, 286, 288, 290, 291, 292, 293, 298, 299, 301, 303, 304, 305, 308, 309, 310, 312, 313, 314, 315, 317, 318, 336, 337, 338, 339, 342, 343, 344, 345, 346, 347, 365, 366, 367, 368, 372, 375, 376, 377, 380, 381, 382, 383, 384, 385, 386, 387, 389, 390, 391, 394, 395, 399, 404, 405, 406, 408, 409, 410, 411, 412, 413, 414, 416, 421, 423, 426, 428, 437, 447, 448, 449, 454, 455, 456, 464, 465, 466, 468, 469, 470, 476, 478, 480, 487, 488, 490, 495, 497, 498, 499, 501, 508, 511, 512, 513, 514, 518, 520, 521, 526, 532, 533, 535, 536, 537, 538, 544, 545, 547, 548, 551, 554, 555, 556, 557, 561, 567, 575, 577, 578, 579, 582, 583, 584, 591, 593, 595, 596, 597, 598, 599, 600, 601, 602, 605, 614, 616, 617, 623, 624, 625, 627, 628, 629, 630, 631, 633, 639, 641, 642, 643, 645, 650, 652, 653, 656, 660, 661, 662, 664, 666, 670, 671, 673, 674, 675, 679, 680, 682, 683, 687, 690, 692, 693, 698, 699, 701, 703, 704, 705, 706, 707, 708, 709, 711, 712, 713, 714, 715, 716, 718, 719, 720, 721, 722, 724, 725, 726, 727, 731, 739, 740, 741, 743, 745, 751, 757, 758, 762, 764, 772, 774, 776, 777, 778, 779, 781, 788, 789, 790, 793, 795, 796, 797, 801, 803, 805], "summary": {"covered_lines": 321, "num_statements": 354, "percent_covered": 90.67796610169492, "percent_covered_display": "91", "missing_lines": 33, "excluded_lines": 0, "percent_statements_covered": 90.67796610169492, "percent_statements_covered_display": "91"}, "missing_lines": [202, 217, 258, 284, 297, 326, 327, 328, 329, 330, 331, 333, 348, 349, 350, 355, 360, 378, 400, 401, 402, 439, 444, 445, 471, 558, 559, 612, 613, 618, 644, 799, 804], "excluded_lines": [], "functions": {"GameEngine.__init__": {"executed_lines": [72, 73, 74, 75], "summary": {"covered_lines": 4, "num_statements": 4, "percent_covered": 100.0, "percent_covered_display": "100", "missing_lines": 0, "excluded_lines": 0, "percent_statements_covered": 100.0, "percent_statements_covered_display": "100"}, "missing_lines": [], "excluded_lines": [], "start_line": 64}, "GameEngine.new_session": {"executed_lines": [94, 100, 101, 103, 104, 105, 107, 116, 117, 119, 121, 127], "summary": {"covered_lines": 12, "num_statements": 12, "percent_covered": 100.0, "percent_covered_display": "100", "missing_lines": 0, "excluded_lines": 0, "percent_statements_covered": 100.0, "percent_statements_covered_display": "100"}, "missing_lines": [], "excluded_lines": [], "start_line": 77}, "GameEngine.process_action": {"executed_lines": [140, 141, 143, 145, 159, 160, 162, 163], "summary": {"covered_lines": 8, "num_statements": 8, "percent_covered": 100.0, "percent_covered_display": "100", "missing_lines": 0, "excluded_lines": 0, "percent_statements_covered": 100.0, "percent_statements_covered_display": "100"}, "missing_lines": [], "excluded_lines": [], "start_line": 129}, "GameEngine._handle_attack": {"executed_lines": [169, 172, 173, 175, 177, 178, 184, 193, 194, 197, 198, 200, 201, 206, 209, 210, 211, 213, 214, 216, 222], "summary": {"covered_lines": 21, "num_statements": 23, "percent_covered": 91.30434782608695, "percent_covered_display": "91", "missing_lines": 2, "excluded_lines": 0, "percent_statements_covered": 91.30434782608695, "percent_statements_covered_display": "91"}, "missing_lines": [202, 217], "excluded_lines": [], "start_line": 167}, "GameEngine._build_combat_narrative": {"executed_lines": [227, 228, 229, 230, 231, 232, 234, 235, 236, 237, 244, 248, 259, 260], "summary": {"covered_lines": 14, "num_statements": 15, "percent_covered": 93.33333333333333, "percent_covered_display": "93", "missing_lines": 1, "excluded_lines": 0, "percent_statements_covered": 93.33333333333333, "percent_statements_covered_display": "93"}, "missing_lines": [258], "excluded_lines": [], "start_line": 224}, "GameEngine._build_enemy_combat_narrative": {"executed_lines": [264, 265, 267, 268, 269, 275, 285, 286], "summary": {"covered_lines": 8, "num_statements": 9, "percent_covered": 88.88888888888889, "percent_covered_display": "89", "missing_lines": 1, "excluded_lines": 0, "percent_statements_covered": 88.88888888888889, "percent_statements_covered_display": "89"}, "missing_lines": [284], "excluded_lines": [], "start_line": 262}, "GameEngine._build_death_narrative": {"executed_lines": [290, 291, 292, 293, 298, 299], "summary": {"covered_lines": 6, "num_statements": 7, "percent_covered": 85.71428571428571, "percent_covered_display": "86", "missing_lines": 1, "excluded_lines": 0, "percent_statements_covered": 85.71428571428571, "percent_statements_covered_display": "86"}, "missing_lines": [297], "excluded_lines": [], "start_line": 288}, "GameEngine._execute_attack_round": {"executed_lines": [303, 304, 305, 308, 309, 310, 312, 313, 314, 315, 317, 318, 336, 337, 338, 339, 342, 343, 344, 345, 346, 347, 365, 366, 367, 368, 372, 375, 376, 377, 380, 381, 382, 383, 384, 385, 386, 387, 389, 390, 391, 394, 395, 399, 404, 405, 406, 408, 409, 410, 411, 412, 413, 414, 416, 421, 423, 426, 428], "summary": {"covered_lines": 59, "num_statements": 75, "percent_covered": 78.66666666666667, "percent_covered_display": "79", "missing_lines": 16, "excluded_lines": 0, "percent_statements_covered": 78.66666666666667, "percent_statements_covered_display": "79"}, "missing_lines": [326, 327, 328, 329, 330, 331, 333, 348, 349, 350, 355, 360, 378, 400, 401, 402], "excluded_lines": [], "start_line": 301}, "GameEngine._spawn_guard_backup": {"executed_lines": [], "summary": {"covered_lines": 0, "num_statements": 3, "percent_covered": 0.0, "percent_covered_display": "0", "missing_lines": 3, "excluded_lines": 0, "percent_statements_covered": 0.0, "percent_statements_covered_display": "0"}, "missing_lines": [439, 444, 445], "excluded_lines": [], "start_line": 437}, "GameEngine._handle_spell": {"executed_lines": [448, 449, 454, 455, 456, 464, 465, 466, 468, 469, 470, 476, 478, 480, 487, 488, 490, 495, 497, 498, 499, 501], "summary": {"covered_lines": 22, "num_statements": 23, "percent_covered": 95.65217391304348, "percent_covered_display": "96", "missing_lines": 1, "excluded_lines": 0, "percent_statements_covered": 95.65217391304348, "percent_statements_covered_display": "96"}, "missing_lines": [471], "excluded_lines": [], "start_line": 447}, "GameEngine._handle_look": {"executed_lines": [511, 512, 513, 514, 518, 520, 521, 526, 532, 533], "summary": {"covered_lines": 10, "num_statements": 10, "percent_covered": 100.0, "percent_covered_display": "100", "missing_lines": 0, "excluded_lines": 0, "percent_statements_covered": 100.0, "percent_statements_covered_display": "100"}, "missing_lines": [], "excluded_lines": [], "start_line": 508}, "GameEngine._handle_examine": {"executed_lines": [536, 537, 538, 544, 545], "summary": {"covered_lines": 5, "num_statements": 5, "percent_covered": 100.0, "percent_covered_display": "100", "missing_lines": 0, "excluded_lines": 0, "percent_statements_covered": 100.0, "percent_statements_covered_display": "100"}, "missing_lines": [], "excluded_lines": [], "start_line": 535}, "GameEngine._handle_talk": {"executed_lines": [548, 551, 554, 555, 556, 557, 561, 567, 575, 577, 578, 579, 582, 583, 584, 591], "summary": {"covered_lines": 16, "num_statements": 18, "percent_covered": 88.88888888888889, "percent_covered_display": "89", "missing_lines": 2, "excluded_lines": 0, "percent_statements_covered": 88.88888888888889, "percent_statements_covered_display": "89"}, "missing_lines": [558, 559], "excluded_lines": [], "start_line": 547}, "GameEngine._get_npc_personality": {"executed_lines": [595, 596, 597, 598, 599, 600, 601, 602, 605, 614], "summary": {"covered_lines": 10, "num_statements": 12, "percent_covered": 83.33333333333333, "percent_covered_display": "83", "missing_lines": 2, "excluded_lines": 0, "percent_statements_covered": 83.33333333333333, "percent_statements_covered_display": "83"}, "missing_lines": [612, 613], "excluded_lines": [], "start_line": 593}, "GameEngine._handle_rest": {"executed_lines": [617, 623, 624, 625, 627, 628, 629, 630, 631, 633], "summary": {"covered_lines": 10, "num_statements": 11, "percent_covered": 90.9090909090909, "percent_covered_display": "91", "missing_lines": 1, "excluded_lines": 0, "percent_statements_covered": 90.9090909090909, "percent_statements_covered_display": "91"}, "missing_lines": [618], "excluded_lines": [], "start_line": 616}, "GameEngine._handle_move": {"executed_lines": [641, 642, 643, 645, 650, 652, 653, 656, 660, 661, 662, 664, 666, 670, 671, 673, 674, 675, 679, 680, 682, 683, 687, 690, 692, 693, 698, 699], "summary": {"covered_lines": 28, "num_statements": 29, "percent_covered": 96.55172413793103, "percent_covered_display": "97", "missing_lines": 1, "excluded_lines": 0, "percent_statements_covered": 96.55172413793103, "percent_statements_covered_display": "97"}, "missing_lines": [644], "excluded_lines": [], "start_line": 639}, "GameEngine._handle_flee": {"executed_lines": [703, 704, 705, 706, 707, 708, 709], "summary": {"covered_lines": 7, "num_statements": 7, "percent_covered": 100.0, "percent_covered_display": "100", "missing_lines": 0, "excluded_lines": 0, "percent_statements_covered": 100.0, "percent_statements_covered_display": "100"}, "missing_lines": [], "excluded_lines": [], "start_line": 701}, "GameEngine._handle_open": {"executed_lines": [712, 713, 714, 715, 716], "summary": {"covered_lines": 5, "num_statements": 5, "percent_covered": 100.0, "percent_covered_display": "100", "missing_lines": 0, "excluded_lines": 0, "percent_statements_covered": 100.0, "percent_statements_covered_display": "100"}, "missing_lines": [], "excluded_lines": [], "start_line": 711}, "GameEngine._handle_use_item": {"executed_lines": [719, 720, 721, 722], "summary": {"covered_lines": 4, "num_statements": 4, "percent_covered": 100.0, "percent_covered_display": "100", "missing_lines": 0, "excluded_lines": 0, "percent_statements_covered": 100.0, "percent_statements_covered_display": "100"}, "missing_lines": [], "excluded_lines": [], "start_line": 718}, "GameEngine._handle_trade": {"executed_lines": [725, 726, 727, 731, 739, 740, 741], "summary": {"covered_lines": 7, "num_statements": 7, "percent_covered": 100.0, "percent_covered_display": "100", "missing_lines": 0, "excluded_lines": 0, "percent_statements_covered": 100.0, "percent_statements_covered_display": "100"}, "missing_lines": [], "excluded_lines": [], "start_line": 724}, "GameEngine._handle_unknown": {"executed_lines": [745, 751, 757, 758], "summary": {"covered_lines": 4, "num_statements": 4, "percent_covered": 100.0, "percent_covered_display": "100", "missing_lines": 0, "excluded_lines": 0, "percent_statements_covered": 100.0, "percent_statements_covered_display": "100"}, "missing_lines": [], "excluded_lines": [], "start_line": 743}, "GameEngine._spawn_enemy": {"executed_lines": [764, 772], "summary": {"covered_lines": 2, "num_statements": 2, "percent_covered": 100.0, "percent_covered_display": "100", "missing_lines": 0, "excluded_lines": 0, "percent_statements_covered": 100.0, "percent_statements_covered_display": "100"}, "missing_lines": [], "excluded_lines": [], "start_line": 762}, "GameEngine._start_combat": {"executed_lines": [776, 777, 778, 779], "summary": {"covered_lines": 4, "num_statements": 4, "percent_covered": 100.0, "percent_covered_display": "100", "missing_lines": 0, "excluded_lines": 0, "percent_statements_covered": 100.0, "percent_statements_covered_display": "100"}, "missing_lines": [], "excluded_lines": [], "start_line": 774}, "GameEngine._find_target": {"executed_lines": [788, 789, 790, 793, 795, 796, 797], "summary": {"covered_lines": 7, "num_statements": 8, "percent_covered": 87.5, "percent_covered_display": "88", "missing_lines": 1, "excluded_lines": 0, "percent_statements_covered": 87.5, "percent_statements_covered_display": "88"}, "missing_lines": [799], "excluded_lines": [], "start_line": 781}, "GameEngine._combat_state": {"executed_lines": [803, 805], "summary": {"covered_lines": 2, "num_statements": 3, "percent_covered": 66.66666666666667, "percent_covered_display": "67", "missing_lines": 1, "excluded_lines": 0, "percent_statements_covered": 66.66666666666667, "percent_statements_covered_display": "67"}, "missing_lines": [804], "excluded_lines": [], "start_line": 801}, "": {"executed_lines": [5, 6, 7, 9, 10, 11, 12, 13, 14, 18, 21, 22, 34, 35, 36, 37, 38, 39, 40, 44, 51, 64, 77, 129, 167, 224, 262, 288, 301, 437, 447, 508, 535, 547, 593, 616, 639, 701, 711, 718, 724, 743, 762, 774, 781, 801], "summary": {"covered_lines": 46, "num_statements": 46, "percent_covered": 100.0, "percent_covered_display": "100", "missing_lines": 0, "excluded_lines": 0, "percent_statements_covered": 100.0, "percent_statements_covered_display": "100"}, "missing_lines": [], "excluded_lines": [], "start_line": 1}}, "classes": {"ActionResult": {"executed_lines": [], "summary": {"covered_lines": 0, "num_statements": 0, "percent_covered": 100.0, "percent_covered_display": "100", "missing_lines": 0, "excluded_lines": 0, "percent_statements_covered": 100.0, "percent_statements_covered_display": "100"}, "missing_lines": [], "excluded_lines": [], "start_line": 22}, "GameEngine": {"executed_lines": [72, 73, 74, 75, 94, 100, 101, 103, 104, 105, 107, 116, 117, 119, 121, 127, 140, 141, 143, 145, 159, 160, 162, 163, 169, 172, 173, 175, 177, 178, 184, 193, 194, 197, 198, 200, 201, 206, 209, 210, 211, 213, 214, 216, 222, 227, 228, 229, 230, 231, 232, 234, 235, 236, 237, 244, 248, 259, 260, 264, 265, 267, 268, 269, 275, 285, 286, 290, 291, 292, 293, 298, 299, 303, 304, 305, 308, 309, 310, 312, 313, 314, 315, 317, 318, 336, 337, 338, 339, 342, 343, 344, 345, 346, 347, 365, 366, 367, 368, 372, 375, 376, 377, 380, 381, 382, 383, 384, 385, 386, 387, 389, 390, 391, 394, 395, 399, 404, 405, 406, 408, 409, 410, 411, 412, 413, 414, 416, 421, 423, 426, 428, 448, 449, 454, 455, 456, 464, 465, 466, 468, 469, 470, 476, 478, 480, 487, 488, 490, 495, 497, 498, 499, 501, 511, 512, 513, 514, 518, 520, 521, 526, 532, 533, 536, 537, 538, 544, 545, 548, 551, 554, 555, 556, 557, 561, 567, 575, 577, 578, 579, 582, 583, 584, 591, 595, 596, 597, 598, 599, 600, 601, 602, 605, 614, 617, 623, 624, 625, 627, 628, 629, 630, 631, 633, 641, 642, 643, 645, 650, 652, 653, 656, 660, 661, 662, 664, 666, 670, 671, 673, 674, 675, 679, 680, 682, 683, 687, 690, 692, 693, 698, 699, 703, 704, 705, 706, 707, 708, 709, 712, 713, 714, 715, 716, 719, 720, 721, 722, 725, 726, 727, 731, 739, 740, 741, 745, 751, 757, 758, 764, 772, 776, 777, 778, 779, 788, 789, 790, 793, 795, 796, 797, 803, 805], "summary": {"covered_lines": 275, "num_statements": 308, "percent_covered": 89.28571428571429, "percent_covered_display": "89", "missing_lines": 33, "excluded_lines": 0, "percent_statements_covered": 89.28571428571429, "percent_statements_covered_display": "89"}, "missing_lines": [202, 217, 258, 284, 297, 326, 327, 328, 329, 330, 331, 333, 348, 349, 350, 355, 360, 378, 400, 401, 402, 439, 444, 445, 471, 558, 559, 612, 613, 618, 644, 799, 804], "excluded_lines": [], "start_line": 51}, "": {"executed_lines": [5, 6, 7, 9, 10, 11, 12, 13, 14, 18, 21, 22, 34, 35, 36, 37, 38, 39, 40, 44, 51, 64, 77, 129, 167, 224, 262, 288, 301, 437, 447, 508, 535, 547, 593, 616, 639, 701, 711, 718, 724, 743, 762, 774, 781, 801], "summary": {"covered_lines": 46, "num_statements": 46, "percent_covered": 100.0, "percent_covered_display": "100", "missing_lines": 0, "excluded_lines": 0, "percent_statements_covered": 100.0, "percent_statements_covered_display": "100"}, "missing_lines": [], "excluded_lines": [], "start_line": 1}}}, "engine/api/game_session.py": {"executed_lines": [5, 6, 7, 8, 10, 11, 12, 13, 14, 15, 18, 19, 31, 32, 33, 34, 35, 36, 37, 38, 39, 40, 41, 43, 44, 45, 46, 47, 48, 49, 51, 53, 55, 57, 59, 61], "summary": {"covered_lines": 36, "num_statements": 36, "percent_covered": 100.0, "percent_covered_display": "100", "missing_lines": 0, "excluded_lines": 0, "percent_statements_covered": 100.0, "percent_statements_covered_display": "100"}, "missing_lines": [], "excluded_lines": [], "functions": {"GameSession.__post_init__": {"executed_lines": [44, 45, 46, 47, 48, 49], "summary": {"covered_lines": 6, "num_statements": 6, "percent_covered": 100.0, "percent_covered_display": "100", "missing_lines": 0, "excluded_lines": 0, "percent_statements_covered": 100.0, "percent_statements_covered_display": "100"}, "missing_lines": [], "excluded_lines": [], "start_line": 43}, "GameSession.touch": {"executed_lines": [53], "summary": {"covered_lines": 1, "num_statements": 1, "percent_covered": 100.0, "percent_covered_display": "100", "missing_lines": 0, "excluded_lines": 0, "percent_statements_covered": 100.0, "percent_statements_covered_display": "100"}, "missing_lines": [], "excluded_lines": [], "start_line": 51}, "GameSession.in_combat": {"executed_lines": [57], "summary": {"covered_lines": 1, "num_statements": 1, "percent_covered": 100.0, "percent_covered_display": "100", "missing_lines": 0, "excluded_lines": 0, "percent_statements_covered": 100.0, "percent_statements_covered_display": "100"}, "missing_lines": [], "excluded_lines": [], "start_line": 55}, "GameSession.to_dict": {"executed_lines": [61], "summary": {"covered_lines": 1, "num_statements": 1, "percent_covered": 100.0, "percent_covered_display": "100", "missing_lines": 0, "excluded_lines": 0, "percent_statements_covered": 100.0, "percent_statements_covered_display": "100"}, "missing_lines": [], "excluded_lines": [], "start_line": 59}, "": {"executed_lines": [5, 6, 7, 8, 10, 11, 12, 13, 14, 15, 18, 19, 31, 32, 33, 34, 35, 36, 37, 38, 39, 40, 41, 43, 51, 55, 59], "summary": {"covered_lines": 27, "num_statements": 27, "percent_covered": 100.0, "percent_covered_display": "100", "missing_lines": 0, "excluded_lines": 0, "percent_statements_covered": 100.0, "percent_statements_covered_display": "100"}, "missing_lines": [], "excluded_lines": [], "start_line": 1}}, "classes": {"GameSession": {"executed_lines": [44, 45, 46, 47, 48, 49, 53, 57, 61], "summary": {"covered_lines": 9, "num_statements": 9, "percent_covered": 100.0, "percent_covered_display": "100", "missing_lines": 0, "excluded_lines": 0, "percent_statements_covered": 100.0, "percent_statements_covered_display": "100"}, "missing_lines": [], "excluded_lines": [], "start_line": 19}, "": {"executed_lines": [5, 6, 7, 8, 10, 11, 12, 13, 14, 15, 18, 19, 31, 32, 33, 34, 35, 36, 37, 38, 39, 40, 41, 43, 51, 55, 59], "summary": {"covered_lines": 27, "num_statements": 27, "percent_covered": 100.0, "percent_covered_display": "100", "missing_lines": 0, "excluded_lines": 0, "percent_statements_covered": 100.0, "percent_statements_covered_display": "100"}, "missing_lines": [], "excluded_lines": [], "start_line": 1}}}, "engine/api/inventory_routes.py": {"executed_lines": [5, 6, 7, 9, 12, 33, 35, 36, 37, 38, 42, 43, 46, 47, 50, 51, 52, 55, 56, 57, 58, 59, 60, 61, 68, 69, 70, 71, 72, 73, 75, 76, 77, 79, 81, 82, 83, 86, 88, 96, 97, 98, 99, 100, 101, 103, 104, 105, 107, 109, 116, 117, 118, 119, 120, 121, 123], "summary": {"covered_lines": 57, "num_statements": 59, "percent_covered": 96.61016949152543, "percent_covered_display": "97", "missing_lines": 2, "excluded_lines": 0, "percent_statements_covered": 96.61016949152543, "percent_statements_covered_display": "97"}, "missing_lines": [39, 84], "excluded_lines": [], "functions": {"_infer_slot": {"executed_lines": [35, 36, 37, 38], "summary": {"covered_lines": 4, "num_statements": 5, "percent_covered": 80.0, "percent_covered_display": "80", "missing_lines": 1, "excluded_lines": 0, "percent_statements_covered": 80.0, "percent_statements_covered_display": "80"}, "missing_lines": [39], "excluded_lines": [], "start_line": 33}, "_get_sessions": {"executed_lines": [51, 52], "summary": {"covered_lines": 2, "num_statements": 2, "percent_covered": 100.0, "percent_covered_display": "100", "missing_lines": 0, "excluded_lines": 0, "percent_statements_covered": 100.0, "percent_statements_covered_display": "100"}, "missing_lines": [], "excluded_lines": [], "start_line": 50}, "get_inventory": {"executed_lines": [57, 58, 59, 60, 61], "summary": {"covered_lines": 5, "num_statements": 5, "percent_covered": 100.0, "percent_covered_display": "100", "missing_lines": 0, "excluded_lines": 0, "percent_statements_covered": 100.0, "percent_statements_covered_display": "100"}, "missing_lines": [], "excluded_lines": [], "start_line": 56}, "equip_item": {"executed_lines": [70, 71, 72, 73, 75, 76, 77, 79, 81, 82, 83, 86, 88], "summary": {"covered_lines": 13, "num_statements": 14, "percent_covered": 92.85714285714286, "percent_covered_display": "93", "missing_lines": 1, "excluded_lines": 0, "percent_statements_covered": 92.85714285714286, "percent_statements_covered_display": "93"}, "missing_lines": [84], "excluded_lines": [], "start_line": 69}, "drop_item": {"executed_lines": [98, 99, 100, 101, 103, 104, 105, 107, 109], "summary": {"covered_lines": 9, "num_statements": 9, "percent_covered": 100.0, "percent_covered_display": "100", "missing_lines": 0, "excluded_lines": 0, "percent_statements_covered": 100.0, "percent_statements_covered_display": "100"}, "missing_lines": [], "excluded_lines": [], "start_line": 97}, "get_equipped": {"executed_lines": [118, 119, 120, 121, 123], "summary": {"covered_lines": 5, "num_statements": 5, "percent_covered": 100.0, "percent_covered_display": "100", "missing_lines": 0, "excluded_lines": 0, "percent_statements_covered": 100.0, "percent_statements_covered_display": "100"}, "missing_lines": [], "excluded_lines": [], "start_line": 117}, "": {"executed_lines": [5, 6, 7, 9, 12, 33, 42, 43, 46, 47, 50, 55, 56, 68, 69, 96, 97, 116, 117], "summary": {"covered_lines": 19, "num_statements": 19, "percent_covered": 100.0, "percent_covered_display": "100", "missing_lines": 0, "excluded_lines": 0, "percent_statements_covered": 100.0, "percent_statements_covered_display": "100"}, "missing_lines": [], "excluded_lines": [], "start_line": 1}}, "classes": {"EquipRequest": {"executed_lines": [], "summary": {"covered_lines": 0, "num_statements": 0, "percent_covered": 100.0, "percent_covered_display": "100", "missing_lines": 0, "excluded_lines": 0, "percent_statements_covered": 100.0, "percent_statements_covered_display": "100"}, "missing_lines": [], "excluded_lines": [], "start_line": 42}, "DropRequest": {"executed_lines": [], "summary": {"covered_lines": 0, "num_statements": 0, "percent_covered": 100.0, "percent_covered_display": "100", "missing_lines": 0, "excluded_lines": 0, "percent_statements_covered": 100.0, "percent_statements_covered_display": "100"}, "missing_lines": [], "excluded_lines": [], "start_line": 46}, "": {"executed_lines": [5, 6, 7, 9, 12, 33, 35, 36, 37, 38, 42, 43, 46, 47, 50, 51, 52, 55, 56, 57, 58, 59, 60, 61, 68, 69, 70, 71, 72, 73, 75, 76, 77, 79, 81, 82, 83, 86, 88, 96, 97, 98, 99, 100, 101, 103, 104, 105, 107, 109, 116, 117, 118, 119, 120, 121, 123], "summary": {"covered_lines": 57, "num_statements": 59, "percent_covered": 96.61016949152543, "percent_covered_display": "97", "missing_lines": 2, "excluded_lines": 0, "percent_statements_covered": 96.61016949152543, "percent_statements_covered_display": "97"}, "missing_lines": [39, 84], "excluded_lines": [], "start_line": 1}}}, "engine/api/models.py": {"executed_lines": [5, 6, 9, 10, 11, 12, 15, 16, 17, 18, 19, 20, 23, 24, 27, 28, 29, 30, 31, 32, 35, 36, 37, 38, 39, 42, 43, 44, 45, 46, 47, 48, 51, 52, 53, 54, 55, 56, 57, 58, 59, 60], "summary": {"covered_lines": 42, "num_statements": 42, "percent_covered": 100.0, "percent_covered_display": "100", "missing_lines": 0, "excluded_lines": 0, "percent_statements_covered": 100.0, "percent_statements_covered_display": "100"}, "missing_lines": [], "excluded_lines": [], "functions": {"": {"executed_lines": [5, 6, 9, 10, 11, 12, 15, 16, 17, 18, 19, 20, 23, 24, 27, 28, 29, 30, 31, 32, 35, 36, 37, 38, 39, 42, 43, 44, 45, 46, 47, 48, 51, 52, 53, 54, 55, 56, 57, 58, 59, 60], "summary": {"covered_lines": 42, "num_statements": 42, "percent_covered": 100.0, "percent_covered_display": "100", "missing_lines": 0, "excluded_lines": 0, "percent_statements_covered": 100.0, "percent_statements_covered_display": "100"}, "missing_lines": [], "excluded_lines": [], "start_line": 1}}, "classes": {"NewSessionRequest": {"executed_lines": [], "summary": {"covered_lines": 0, "num_statements": 0, "percent_covered": 100.0, "percent_covered_display": "100", "missing_lines": 0, "excluded_lines": 0, "percent_statements_covered": 100.0, "percent_statements_covered_display": "100"}, "missing_lines": [], "excluded_lines": [], "start_line": 9}, "NewSessionResponse": {"executed_lines": [], "summary": {"covered_lines": 0, "num_statements": 0, "percent_covered": 100.0, "percent_covered_display": "100", "missing_lines": 0, "excluded_lines": 0, "percent_statements_covered": 100.0, "percent_statements_covered_display": "100"}, "missing_lines": [], "excluded_lines": [], "start_line": 15}, "ActionRequest": {"executed_lines": [], "summary": {"covered_lines": 0, "num_statements": 0, "percent_covered": 100.0, "percent_covered_display": "100", "missing_lines": 0, "excluded_lines": 0, "percent_statements_covered": 100.0, "percent_statements_covered_display": "100"}, "missing_lines": [], "excluded_lines": [], "start_line": 23}, "CombatantState": {"executed_lines": [], "summary": {"covered_lines": 0, "num_statements": 0, "percent_covered": 100.0, "percent_covered_display": "100", "missing_lines": 0, "excluded_lines": 0, "percent_statements_covered": 100.0, "percent_statements_covered_display": "100"}, "missing_lines": [], "excluded_lines": [], "start_line": 27}, "CombatState": {"executed_lines": [], "summary": {"covered_lines": 0, "num_statements": 0, "percent_covered": 100.0, "percent_covered_display": "100", "missing_lines": 0, "excluded_lines": 0, "percent_statements_covered": 100.0, "percent_statements_covered_display": "100"}, "missing_lines": [], "excluded_lines": [], "start_line": 35}, "ActionResponse": {"executed_lines": [], "summary": {"covered_lines": 0, "num_statements": 0, "percent_covered": 100.0, "percent_covered_display": "100", "missing_lines": 0, "excluded_lines": 0, "percent_statements_covered": 100.0, "percent_statements_covered_display": "100"}, "missing_lines": [], "excluded_lines": [], "start_line": 42}, "SessionStateResponse": {"executed_lines": [], "summary": {"covered_lines": 0, "num_statements": 0, "percent_covered": 100.0, "percent_covered_display": "100", "missing_lines": 0, "excluded_lines": 0, "percent_statements_covered": 100.0, "percent_statements_covered_display": "100"}, "missing_lines": [], "excluded_lines": [], "start_line": 51}, "": {"executed_lines": [5, 6, 9, 10, 11, 12, 15, 16, 17, 18, 19, 20, 23, 24, 27, 28, 29, 30, 31, 32, 35, 36, 37, 38, 39, 42, 43, 44, 45, 46, 47, 48, 51, 52, 53, 54, 55, 56, 57, 58, 59, 60], "summary": {"covered_lines": 42, "num_statements": 42, "percent_covered": 100.0, "percent_covered_display": "100", "missing_lines": 0, "excluded_lines": 0, "percent_statements_covered": 100.0, "percent_statements_covered_display": "100"}, "missing_lines": [], "excluded_lines": [], "start_line": 1}}}, "engine/api/npc_memory_routes.py": {"executed_lines": [5, 6, 8, 11, 12, 13, 14, 15, 18, 19, 22, 23, 24, 25, 26, 29, 30, 31, 32, 33, 34, 37, 38, 39, 40, 41], "summary": {"covered_lines": 26, "num_statements": 26, "percent_covered": 100.0, "percent_covered_display": "100", "missing_lines": 0, "excluded_lines": 0, "percent_statements_covered": 100.0, "percent_statements_covered_display": "100"}, "missing_lines": [], "excluded_lines": [], "functions": {"_get_session": {"executed_lines": [12, 13, 14, 15], "summary": {"covered_lines": 4, "num_statements": 4, "percent_covered": 100.0, "percent_covered_display": "100", "missing_lines": 0, "excluded_lines": 0, "percent_statements_covered": 100.0, "percent_statements_covered_display": "100"}, "missing_lines": [], "excluded_lines": [], "start_line": 11}, "get_npc_memory": {"executed_lines": [24, 25, 26], "summary": {"covered_lines": 3, "num_statements": 3, "percent_covered": 100.0, "percent_covered_display": "100", "missing_lines": 0, "excluded_lines": 0, "percent_statements_covered": 100.0, "percent_statements_covered_display": "100"}, "missing_lines": [], "excluded_lines": [], "start_line": 23}, "add_npc_fact": {"executed_lines": [31, 32, 33, 34], "summary": {"covered_lines": 4, "num_statements": 4, "percent_covered": 100.0, "percent_covered_display": "100", "missing_lines": 0, "excluded_lines": 0, "percent_statements_covered": 100.0, "percent_statements_covered_display": "100"}, "missing_lines": [], "excluded_lines": [], "start_line": 30}, "get_npc_context": {"executed_lines": [39, 40, 41], "summary": {"covered_lines": 3, "num_statements": 3, "percent_covered": 100.0, "percent_covered_display": "100", "missing_lines": 0, "excluded_lines": 0, "percent_statements_covered": 100.0, "percent_statements_covered_display": "100"}, "missing_lines": [], "excluded_lines": [], "start_line": 38}, "": {"executed_lines": [5, 6, 8, 11, 18, 19, 22, 23, 29, 30, 37, 38], "summary": {"covered_lines": 12, "num_statements": 12, "percent_covered": 100.0, "percent_covered_display": "100", "missing_lines": 0, "excluded_lines": 0, "percent_statements_covered": 100.0, "percent_statements_covered_display": "100"}, "missing_lines": [], "excluded_lines": [], "start_line": 1}}, "classes": {"FactRequest": {"executed_lines": [], "summary": {"covered_lines": 0, "num_statements": 0, "percent_covered": 100.0, "percent_covered_display": "100", "missing_lines": 0, "excluded_lines": 0, "percent_statements_covered": 100.0, "percent_statements_covered_display": "100"}, "missing_lines": [], "excluded_lines": [], "start_line": 18}, "": {"executed_lines": [5, 6, 8, 11, 12, 13, 14, 15, 18, 19, 22, 23, 24, 25, 26, 29, 30, 31, 32, 33, 34, 37, 38, 39, 40, 41], "summary": {"covered_lines": 26, "num_statements": 26, "percent_covered": 100.0, "percent_covered_display": "100", "missing_lines": 0, "excluded_lines": 0, "percent_statements_covered": 100.0, "percent_statements_covered_display": "100"}, "missing_lines": [], "excluded_lines": [], "start_line": 1}}}, "engine/api/routes.py": {"executed_lines": [5, 6, 8, 9, 10, 15, 17, 20, 21, 22, 23, 25, 26, 43, 44, 45, 47, 49, 52, 55, 56, 59, 61, 62, 63, 67, 68, 71, 76, 78, 79, 80, 82, 83, 84, 85, 86, 110, 113, 114, 116, 121, 124, 125, 126, 130, 132, 141, 142, 144, 145, 147, 148, 149, 150, 151, 154, 155, 157, 158, 160, 161, 162, 163, 171, 172, 174, 175, 176, 186, 187, 189, 190, 191, 194, 195, 205, 206, 208, 209, 212, 213, 214, 219, 226, 227, 228, 230, 231, 234, 235, 238, 239, 241, 242, 243, 247], "summary": {"covered_lines": 97, "num_statements": 112, "percent_covered": 86.60714285714286, "percent_covered_display": "87", "missing_lines": 15, "excluded_lines": 0, "percent_statements_covered": 86.60714285714286, "percent_statements_covered_display": "87"}, "missing_lines": [81, 87, 89, 90, 91, 100, 104, 105, 106, 107, 108, 109, 216, 217, 232], "excluded_lines": [], "functions": {"_make_llm_callable": {"executed_lines": [21, 22, 23, 25, 47], "summary": {"covered_lines": 5, "num_statements": 5, "percent_covered": 100.0, "percent_covered_display": "100", "missing_lines": 0, "excluded_lines": 0, "percent_statements_covered": 100.0, "percent_statements_covered_display": "100"}, "missing_lines": [], "excluded_lines": [], "start_line": 20}, "_make_llm_callable._llm": {"executed_lines": [26, 43, 44, 45], "summary": {"covered_lines": 4, "num_statements": 4, "percent_covered": 100.0, "percent_covered_display": "100", "missing_lines": 0, "excluded_lines": 0, "percent_statements_covered": 100.0, "percent_statements_covered_display": "100"}, "missing_lines": [], "excluded_lines": [], "start_line": 25}, "_autosave_session": {"executed_lines": [61, 62, 63, 67, 68], "summary": {"covered_lines": 5, "num_statements": 5, "percent_covered": 100.0, "percent_covered_display": "100", "missing_lines": 0, "excluded_lines": 0, "percent_statements_covered": 100.0, "percent_statements_covered_display": "100"}, "missing_lines": [], "excluded_lines": [], "start_line": 59}, "_try_restore_session": {"executed_lines": [76, 78, 79, 80, 82, 83, 84, 85, 86, 110], "summary": {"covered_lines": 10, "num_statements": 22, "percent_covered": 45.45454545454545, "percent_covered_display": "45", "missing_lines": 12, "excluded_lines": 0, "percent_statements_covered": 45.45454545454545, "percent_statements_covered_display": "45"}, "missing_lines": [81, 87, 89, 90, 91, 100, 104, 105, 106, 107, 108, 109], "excluded_lines": [], "start_line": 71}, "new_session": {"executed_lines": [116, 121, 124, 125, 126, 130, 132], "summary": {"covered_lines": 7, "num_statements": 7, "percent_covered": 100.0, "percent_covered_display": "100", "missing_lines": 0, "excluded_lines": 0, "percent_statements_covered": 100.0, "percent_statements_covered_display": "100"}, "missing_lines": [], "excluded_lines": [], "start_line": 114}, "get_session": {"executed_lines": [144, 145, 147, 148, 149, 150, 151], "summary": {"covered_lines": 7, "num_statements": 7, "percent_covered": 100.0, "percent_covered_display": "100", "missing_lines": 0, "excluded_lines": 0, "percent_statements_covered": 100.0, "percent_statements_covered_display": "100"}, "missing_lines": [], "excluded_lines": [], "start_line": 142}, "take_action": {"executed_lines": [157, 158, 160, 161, 162, 163, 171, 172, 174, 175, 176], "summary": {"covered_lines": 11, "num_statements": 11, "percent_covered": 100.0, "percent_covered_display": "100", "missing_lines": 0, "excluded_lines": 0, "percent_statements_covered": 100.0, "percent_statements_covered_display": "100"}, "missing_lines": [], "excluded_lines": [], "start_line": 155}, "end_session": {"executed_lines": [189, 190, 191], "summary": {"covered_lines": 3, "num_statements": 3, "percent_covered": 100.0, "percent_covered_display": "100", "missing_lines": 0, "excluded_lines": 0, "percent_statements_covered": 100.0, "percent_statements_covered_display": "100"}, "missing_lines": [], "excluded_lines": [], "start_line": 187}, "get_map": {"executed_lines": [205, 206, 208, 209, 212, 213, 214, 219], "summary": {"covered_lines": 8, "num_statements": 10, "percent_covered": 80.0, "percent_covered_display": "80", "missing_lines": 2, "excluded_lines": 0, "percent_statements_covered": 80.0, "percent_statements_covered_display": "80"}, "missing_lines": [216, 217], "excluded_lines": [], "start_line": 195}, "_get_session": {"executed_lines": [227, 228, 230, 231, 234, 235], "summary": {"covered_lines": 6, "num_statements": 7, "percent_covered": 85.71428571428571, "percent_covered_display": "86", "missing_lines": 1, "excluded_lines": 0, "percent_statements_covered": 85.71428571428571, "percent_statements_covered_display": "86"}, "missing_lines": [232], "excluded_lines": [], "start_line": 226}, "llm_status": {"executed_lines": [241, 242, 243, 247], "summary": {"covered_lines": 4, "num_statements": 4, "percent_covered": 100.0, "percent_covered_display": "100", "missing_lines": 0, "excluded_lines": 0, "percent_statements_covered": 100.0, "percent_statements_covered_display": "100"}, "missing_lines": [], "excluded_lines": [], "start_line": 239}, "": {"executed_lines": [5, 6, 8, 9, 10, 15, 17, 20, 49, 52, 55, 56, 59, 71, 113, 114, 141, 142, 154, 155, 186, 187, 194, 195, 226, 238, 239], "summary": {"covered_lines": 27, "num_statements": 27, "percent_covered": 100.0, "percent_covered_display": "100", "missing_lines": 0, "excluded_lines": 0, "percent_statements_covered": 100.0, "percent_statements_covered_display": "100"}, "missing_lines": [], "excluded_lines": [], "start_line": 1}}, "classes": {"": {"executed_lines": [5, 6, 8, 9, 10, 15, 17, 20, 21, 22, 23, 25, 26, 43, 44, 45, 47, 49, 52, 55, 56, 59, 61, 62, 63, 67, 68, 71, 76, 78, 79, 80, 82, 83, 84, 85, 86, 110, 113, 114, 116, 121, 124, 125, 126, 130, 132, 141, 142, 144, 145, 147, 148, 149, 150, 151, 154, 155, 157, 158, 160, 161, 162, 163, 171, 172, 174, 175, 176, 186, 187, 189, 190, 191, 194, 195, 205, 206, 208, 209, 212, 213, 214, 219, 226, 227, 228, 230, 231, 234, 235, 238, 239, 241, 242, 243, 247], "summary": {"covered_lines": 97, "num_statements": 112, "percent_covered": 86.60714285714286, "percent_covered_display": "87", "missing_lines": 15, "excluded_lines": 0, "percent_statements_covered": 86.60714285714286, "percent_statements_covered_display": "87"}, "missing_lines": [81, 87, 89, 90, 91, 100, 104, 105, 106, 107, 108, 109, 216, 217, 232], "excluded_lines": [], "start_line": 1}}}, "engine/api/save_routes.py": {"executed_lines": [5, 6, 7, 9, 11, 12, 15, 16, 19, 20, 21, 22, 25, 26, 27, 28, 29, 32, 33, 34, 35, 38, 39, 42, 44, 45, 46, 48, 49, 50, 51, 52, 57, 58, 61, 62, 64, 65, 76, 77, 79, 80, 81, 87, 88, 89, 90, 93, 94, 96, 97, 98, 99, 100, 103, 104, 106, 107, 108, 113, 114, 115, 116], "summary": {"covered_lines": 63, "num_statements": 63, "percent_covered": 100.0, "percent_covered_display": "100", "missing_lines": 0, "excluded_lines": 0, "percent_statements_covered": 100.0, "percent_statements_covered_display": "100"}, "missing_lines": [], "excluded_lines": [], "functions": {"save_session": {"executed_lines": [42, 44, 45, 46, 48, 49, 50, 51, 52, 57, 58], "summary": {"covered_lines": 11, "num_statements": 11, "percent_covered": 100.0, "percent_covered_display": "100", "missing_lines": 0, "excluded_lines": 0, "percent_statements_covered": 100.0, "percent_statements_covered_display": "100"}, "missing_lines": [], "excluded_lines": [], "start_line": 39}, "list_saves": {"executed_lines": [64, 65], "summary": {"covered_lines": 2, "num_statements": 2, "percent_covered": 100.0, "percent_covered_display": "100", "missing_lines": 0, "excluded_lines": 0, "percent_statements_covered": 100.0, "percent_statements_covered_display": "100"}, "missing_lines": [], "excluded_lines": [], "start_line": 62}, "get_save": {"executed_lines": [79, 80, 81, 87, 88, 89, 90], "summary": {"covered_lines": 7, "num_statements": 7, "percent_covered": 100.0, "percent_covered_display": "100", "missing_lines": 0, "excluded_lines": 0, "percent_statements_covered": 100.0, "percent_statements_covered_display": "100"}, "missing_lines": [], "excluded_lines": [], "start_line": 77}, "delete_save": {"executed_lines": [96, 97, 98, 99, 100], "summary": {"covered_lines": 5, "num_statements": 5, "percent_covered": 100.0, "percent_covered_display": "100", "missing_lines": 0, "excluded_lines": 0, "percent_statements_covered": 100.0, "percent_statements_covered_display": "100"}, "missing_lines": [], "excluded_lines": [], "start_line": 94}, "load_session": {"executed_lines": [106, 107, 108, 113, 114, 115, 116], "summary": {"covered_lines": 7, "num_statements": 7, "percent_covered": 100.0, "percent_covered_display": "100", "missing_lines": 0, "excluded_lines": 0, "percent_statements_covered": 100.0, "percent_statements_covered_display": "100"}, "missing_lines": [], "excluded_lines": [], "start_line": 104}, "": {"executed_lines": [5, 6, 7, 9, 11, 12, 15, 16, 19, 20, 21, 22, 25, 26, 27, 28, 29, 32, 33, 34, 35, 38, 39, 61, 62, 76, 77, 93, 94, 103, 104], "summary": {"covered_lines": 31, "num_statements": 31, "percent_covered": 100.0, "percent_covered_display": "100", "missing_lines": 0, "excluded_lines": 0, "percent_statements_covered": 100.0, "percent_statements_covered_display": "100"}, "missing_lines": [], "excluded_lines": [], "start_line": 1}}, "classes": {"SaveRequest": {"executed_lines": [], "summary": {"covered_lines": 0, "num_statements": 0, "percent_covered": 100.0, "percent_covered_display": "100", "missing_lines": 0, "excluded_lines": 0, "percent_statements_covered": 100.0, "percent_statements_covered_display": "100"}, "missing_lines": [], "excluded_lines": [], "start_line": 15}, "SaveResponse": {"executed_lines": [], "summary": {"covered_lines": 0, "num_statements": 0, "percent_covered": 100.0, "percent_covered_display": "100", "missing_lines": 0, "excluded_lines": 0, "percent_statements_covered": 100.0, "percent_statements_covered_display": "100"}, "missing_lines": [], "excluded_lines": [], "start_line": 19}, "SaveSummary": {"executed_lines": [], "summary": {"covered_lines": 0, "num_statements": 0, "percent_covered": 100.0, "percent_covered_display": "100", "missing_lines": 0, "excluded_lines": 0, "percent_statements_covered": 100.0, "percent_statements_covered_display": "100"}, "missing_lines": [], "excluded_lines": [], "start_line": 25}, "LoadResponse": {"executed_lines": [], "summary": {"covered_lines": 0, "num_statements": 0, "percent_covered": 100.0, "percent_covered_display": "100", "missing_lines": 0, "excluded_lines": 0, "percent_statements_covered": 100.0, "percent_statements_covered_display": "100"}, "missing_lines": [], "excluded_lines": [], "start_line": 32}, "": {"executed_lines": [5, 6, 7, 9, 11, 12, 15, 16, 19, 20, 21, 22, 25, 26, 27, 28, 29, 32, 33, 34, 35, 38, 39, 42, 44, 45, 46, 48, 49, 50, 51, 52, 57, 58, 61, 62, 64, 65, 76, 77, 79, 80, 81, 87, 88, 89, 90, 93, 94, 96, 97, 98, 99, 100, 103, 104, 106, 107, 108, 113, 114, 115, 116], "summary": {"covered_lines": 63, "num_statements": 63, "percent_covered": 100.0, "percent_covered_display": "100", "missing_lines": 0, "excluded_lines": 0, "percent_statements_covered": 100.0, "percent_statements_covered_display": "100"}, "missing_lines": [], "excluded_lines": [], "start_line": 1}}}, "engine/api/scene_routes.py": {"executed_lines": [12, 13, 14, 15, 16, 18, 19, 22, 23, 24, 25, 26, 27, 28, 29, 30, 31, 34, 41, 42, 43, 44, 46, 49, 50, 51, 56, 59, 60, 64, 66, 80, 83, 84, 90, 91, 92, 95, 96, 102, 104, 105, 106, 108, 115, 116, 118], "summary": {"covered_lines": 47, "num_statements": 53, "percent_covered": 88.67924528301887, "percent_covered_display": "89", "missing_lines": 6, "excluded_lines": 0, "percent_statements_covered": 88.67924528301887, "percent_statements_covered_display": "89"}, "missing_lines": [52, 53, 61, 62, 77, 78], "excluded_lines": [], "functions": {"_enrich_from_session": {"executed_lines": [41, 42, 43, 44, 46, 49, 50, 51, 56, 59, 60, 64, 66, 80], "summary": {"covered_lines": 14, "num_statements": 20, "percent_covered": 70.0, "percent_covered_display": "70", "missing_lines": 6, "excluded_lines": 0, "percent_statements_covered": 70.0, "percent_statements_covered_display": "70"}, "missing_lines": [52, 53, 61, 62, 77, 78], "excluded_lines": [], "start_line": 34}, "enter_scene": {"executed_lines": [90, 91, 92], "summary": {"covered_lines": 3, "num_statements": 3, "percent_covered": 100.0, "percent_covered_display": "100", "missing_lines": 0, "excluded_lines": 0, "percent_statements_covered": 100.0, "percent_statements_covered_display": "100"}, "missing_lines": [], "excluded_lines": [], "start_line": 84}, "enter_scene_stream": {"executed_lines": [102, 104, 108], "summary": {"covered_lines": 3, "num_statements": 3, "percent_covered": 100.0, "percent_covered_display": "100", "missing_lines": 0, "excluded_lines": 0, "percent_statements_covered": 100.0, "percent_statements_covered_display": "100"}, "missing_lines": [], "excluded_lines": [], "start_line": 96}, "enter_scene_stream.generate": {"executed_lines": [105, 106], "summary": {"covered_lines": 2, "num_statements": 2, "percent_covered": 100.0, "percent_covered_display": "100", "missing_lines": 0, "excluded_lines": 0, "percent_statements_covered": 100.0, "percent_statements_covered_display": "100"}, "missing_lines": [], "excluded_lines": [], "start_line": 104}, "get_available_types": {"executed_lines": [118], "summary": {"covered_lines": 1, "num_statements": 1, "percent_covered": 100.0, "percent_covered_display": "100", "missing_lines": 0, "excluded_lines": 0, "percent_statements_covered": 100.0, "percent_statements_covered_display": "100"}, "missing_lines": [], "excluded_lines": [], "start_line": 116}, "": {"executed_lines": [12, 13, 14, 15, 16, 18, 19, 22, 23, 24, 25, 26, 27, 28, 29, 30, 31, 34, 83, 84, 95, 96, 115, 116], "summary": {"covered_lines": 24, "num_statements": 24, "percent_covered": 100.0, "percent_covered_display": "100", "missing_lines": 0, "excluded_lines": 0, "percent_statements_covered": 100.0, "percent_statements_covered_display": "100"}, "missing_lines": [], "excluded_lines": [], "start_line": 1}}, "classes": {"SceneEnterRequest": {"executed_lines": [], "summary": {"covered_lines": 0, "num_statements": 0, "percent_covered": 100.0, "percent_covered_display": "100", "missing_lines": 0, "excluded_lines": 0, "percent_statements_covered": 100.0, "percent_statements_covered_display": "100"}, "missing_lines": [], "excluded_lines": [], "start_line": 22}, "": {"executed_lines": [12, 13, 14, 15, 16, 18, 19, 22, 23, 24, 25, 26, 27, 28, 29, 30, 31, 34, 41, 42, 43, 44, 46, 49, 50, 51, 56, 59, 60, 64, 66, 80, 83, 84, 90, 91, 92, 95, 96, 102, 104, 105, 106, 108, 115, 116, 118], "summary": {"covered_lines": 47, "num_statements": 53, "percent_covered": 88.67924528301887, "percent_covered_display": "89", "missing_lines": 6, "excluded_lines": 0, "percent_statements_covered": 88.67924528301887, "percent_statements_covered_display": "89"}, "missing_lines": [52, 53, 61, 62, 77, 78], "excluded_lines": [], "start_line": 1}}}, "engine/api/shop_routes.py": {"executed_lines": [5, 6, 7, 9, 10, 12, 15, 16, 19, 20, 23, 25, 26, 27, 28, 29, 32, 34, 35, 36, 37, 38, 39, 42, 44, 45, 46, 47, 50, 52, 53, 54, 55, 60, 61, 62, 65, 66, 67, 68, 70, 75, 76, 77, 78, 81, 82, 83, 84, 87, 88, 89, 90, 91, 92, 93, 94, 97, 98, 99, 100, 105, 106, 108, 109, 110, 111, 113, 114, 115, 116, 117, 118, 119, 120, 130, 137, 138, 140, 141, 143, 144, 146, 147, 148, 150, 153, 154, 155, 161, 164, 165, 166, 167, 169, 178, 179, 181, 183, 184, 185, 188, 189, 190, 191, 196, 197, 200, 201, 204, 206, 208], "summary": {"covered_lines": 112, "num_statements": 114, "percent_covered": 98.24561403508773, "percent_covered_display": "98", "missing_lines": 2, "excluded_lines": 0, "percent_statements_covered": 98.24561403508773, "percent_statements_covered_display": "98"}, "missing_lines": [69, 205], "excluded_lines": [], "functions": {"_load_npc_templates": {"executed_lines": [25, 26, 27, 28, 29], "summary": {"covered_lines": 5, "num_statements": 5, "percent_covered": 100.0, "percent_covered_display": "100", "missing_lines": 0, "excluded_lines": 0, "percent_statements_covered": 100.0, "percent_statements_covered_display": "100"}, "missing_lines": [], "excluded_lines": [], "start_line": 23}, "_load_items": {"executed_lines": [34, 35, 36, 37, 38, 39], "summary": {"covered_lines": 6, "num_statements": 6, "percent_covered": 100.0, "percent_covered_display": "100", "missing_lines": 0, "excluded_lines": 0, "percent_statements_covered": 100.0, "percent_statements_covered_display": "100"}, "missing_lines": [], "excluded_lines": [], "start_line": 32}, "_get_npc": {"executed_lines": [44, 45, 46, 47], "summary": {"covered_lines": 4, "num_statements": 4, "percent_covered": 100.0, "percent_covered_display": "100", "missing_lines": 0, "excluded_lines": 0, "percent_statements_covered": 100.0, "percent_statements_covered_display": "100"}, "missing_lines": [], "excluded_lines": [], "start_line": 42}, "_get_item": {"executed_lines": [52, 53, 54, 55], "summary": {"covered_lines": 4, "num_statements": 4, "percent_covered": 100.0, "percent_covered_display": "100", "missing_lines": 0, "excluded_lines": 0, "percent_statements_covered": 100.0, "percent_statements_covered_display": "100"}, "missing_lines": [], "excluded_lines": [], "start_line": 50}, "_get_sessions": {"executed_lines": [61, 62], "summary": {"covered_lines": 2, "num_statements": 2, "percent_covered": 100.0, "percent_covered_display": "100", "missing_lines": 0, "excluded_lines": 0, "percent_statements_covered": 100.0, "percent_statements_covered_display": "100"}, "missing_lines": [], "excluded_lines": [], "start_line": 60}, "_require_session": {"executed_lines": [66, 67, 68, 70], "summary": {"covered_lines": 4, "num_statements": 5, "percent_covered": 80.0, "percent_covered_display": "80", "missing_lines": 1, "excluded_lines": 0, "percent_statements_covered": 80.0, "percent_statements_covered_display": "80"}, "missing_lines": [69], "excluded_lines": [], "start_line": 65}, "get_shop_inventory": {"executed_lines": [108, 109, 110, 111, 113, 114, 115, 116, 117, 118, 119, 120, 130], "summary": {"covered_lines": 13, "num_statements": 13, "percent_covered": 100.0, "percent_covered_display": "100", "missing_lines": 0, "excluded_lines": 0, "percent_statements_covered": 100.0, "percent_statements_covered_display": "100"}, "missing_lines": [], "excluded_lines": [], "start_line": 106}, "buy_item": {"executed_lines": [140, 141, 143, 144, 146, 147, 148, 150, 153, 154, 155, 161, 164, 165, 166, 167, 169], "summary": {"covered_lines": 17, "num_statements": 17, "percent_covered": 100.0, "percent_covered_display": "100", "missing_lines": 0, "excluded_lines": 0, "percent_statements_covered": 100.0, "percent_statements_covered_display": "100"}, "missing_lines": [], "excluded_lines": [], "start_line": 138}, "sell_item": {"executed_lines": [181, 183, 184, 185, 188, 189, 190, 191, 196, 197, 200, 201, 204, 206, 208], "summary": {"covered_lines": 15, "num_statements": 16, "percent_covered": 93.75, "percent_covered_display": "94", "missing_lines": 1, "excluded_lines": 0, "percent_statements_covered": 93.75, "percent_statements_covered_display": "94"}, "missing_lines": [205], "excluded_lines": [], "start_line": 179}, "": {"executed_lines": [5, 6, 7, 9, 10, 12, 15, 16, 19, 20, 23, 32, 42, 50, 60, 65, 75, 76, 77, 78, 81, 82, 83, 84, 87, 88, 89, 90, 91, 92, 93, 94, 97, 98, 99, 100, 105, 106, 137, 138, 178, 179], "summary": {"covered_lines": 42, "num_statements": 42, "percent_covered": 100.0, "percent_covered_display": "100", "missing_lines": 0, "excluded_lines": 0, "percent_statements_covered": 100.0, "percent_statements_covered_display": "100"}, "missing_lines": [], "excluded_lines": [], "start_line": 1}}, "classes": {"BuyRequest": {"executed_lines": [], "summary": {"covered_lines": 0, "num_statements": 0, "percent_covered": 100.0, "percent_covered_display": "100", "missing_lines": 0, "excluded_lines": 0, "percent_statements_covered": 100.0, "percent_statements_covered_display": "100"}, "missing_lines": [], "excluded_lines": [], "start_line": 75}, "SellRequest": {"executed_lines": [], "summary": {"covered_lines": 0, "num_statements": 0, "percent_covered": 100.0, "percent_covered_display": "100", "missing_lines": 0, "excluded_lines": 0, "percent_statements_covered": 100.0, "percent_statements_covered_display": "100"}, "missing_lines": [], "excluded_lines": [], "start_line": 81}, "ShopItemResponse": {"executed_lines": [], "summary": {"covered_lines": 0, "num_statements": 0, "percent_covered": 100.0, "percent_covered_display": "100", "missing_lines": 0, "excluded_lines": 0, "percent_statements_covered": 100.0, "percent_statements_covered_display": "100"}, "missing_lines": [], "excluded_lines": [], "start_line": 87}, "ShopInventoryResponse": {"executed_lines": [], "summary": {"covered_lines": 0, "num_statements": 0, "percent_covered": 100.0, "percent_covered_display": "100", "missing_lines": 0, "excluded_lines": 0, "percent_statements_covered": 100.0, "percent_statements_covered_display": "100"}, "missing_lines": [], "excluded_lines": [], "start_line": 97}, "": {"executed_lines": [5, 6, 7, 9, 10, 12, 15, 16, 19, 20, 23, 25, 26, 27, 28, 29, 32, 34, 35, 36, 37, 38, 39, 42, 44, 45, 46, 47, 50, 52, 53, 54, 55, 60, 61, 62, 65, 66, 67, 68, 70, 75, 76, 77, 78, 81, 82, 83, 84, 87, 88, 89, 90, 91, 92, 93, 94, 97, 98, 99, 100, 105, 106, 108, 109, 110, 111, 113, 114, 115, 116, 117, 118, 119, 120, 130, 137, 138, 140, 141, 143, 144, 146, 147, 148, 150, 153, 154, 155, 161, 164, 165, 166, 167, 169, 178, 179, 181, 183, 184, 185, 188, 189, 190, 191, 196, 197, 200, 201, 204, 206, 208], "summary": {"covered_lines": 112, "num_statements": 114, "percent_covered": 98.24561403508773, "percent_covered_display": "98", "missing_lines": 2, "excluded_lines": 0, "percent_statements_covered": 98.24561403508773, "percent_statements_covered_display": "98"}, "missing_lines": [69, 205], "excluded_lines": [], "start_line": 1}}}, "main.py": {"executed_lines": [4, 5, 6, 7, 8, 9, 10, 11, 13, 19, 20, 21, 22, 23, 24, 25, 28, 29, 30, 33], "summary": {"covered_lines": 20, "num_statements": 22, "percent_covered": 90.9090909090909, "percent_covered_display": "91", "missing_lines": 2, "excluded_lines": 0, "percent_statements_covered": 90.9090909090909, "percent_statements_covered_display": "91"}, "missing_lines": [34, 35], "excluded_lines": [], "functions": {"root": {"executed_lines": [30], "summary": {"covered_lines": 1, "num_statements": 1, "percent_covered": 100.0, "percent_covered_display": "100", "missing_lines": 0, "excluded_lines": 0, "percent_statements_covered": 100.0, "percent_statements_covered_display": "100"}, "missing_lines": [], "excluded_lines": [], "start_line": 29}, "": {"executed_lines": [4, 5, 6, 7, 8, 9, 10, 11, 13, 19, 20, 21, 22, 23, 24, 25, 28, 29, 33], "summary": {"covered_lines": 19, "num_statements": 21, "percent_covered": 90.47619047619048, "percent_covered_display": "90", "missing_lines": 2, "excluded_lines": 0, "percent_statements_covered": 90.47619047619048, "percent_statements_covered_display": "90"}, "missing_lines": [34, 35], "excluded_lines": [], "start_line": 1}}, "classes": {"": {"executed_lines": [4, 5, 6, 7, 8, 9, 10, 11, 13, 19, 20, 21, 22, 23, 24, 25, 28, 29, 30, 33], "summary": {"covered_lines": 20, "num_statements": 22, "percent_covered": 90.9090909090909, "percent_covered_display": "91", "missing_lines": 2, "excluded_lines": 0, "percent_statements_covered": 90.9090909090909, "percent_statements_covered_display": "91"}, "missing_lines": [34, 35], "excluded_lines": [], "start_line": 1}}}}, "totals": {"covered_lines": 890, "num_statements": 958, "percent_covered": 92.90187891440502, "percent_covered_display": "93", "missing_lines": 68, "excluded_lines": 0, "percent_statements_covered": 92.90187891440502, "percent_statements_covered_display": "93"}}